<?xml version="1.0" encoding="UTF-8"?>
<!-- Generated by org.testng.reporters.JUnitReportReporter -->
<testsuite hostname="DESKTOP-31B80VT" failures="0" tests="4" name="testcases.LoginTest" time="72.011" errors="0" timestamp="2022-03-18T21:21:30 IST" skipped="0">
  <testcase classname="testcases.LoginTest" name="LoginSuccessTest" time="23.062"/>
  <system-out/>
  <testcase classname="testcases.LoginTest" name="ExternalDataTest" time="12.843"/>
  <system-out/>
  <testcase classname="testcases.LoginTest" name="ParameterizedTest" time="22.701"/>
  <system-out/>
  <testcase classname="testcases.LoginTest" name="LoginFailiureTest" time="13.405"/>
  <system-out/>
</testsuite> <!-- testcases.LoginTest -->
