<?xml version="1.0" encoding="UTF-8"?>
<!-- Generated by org.testng.reporters.JUnitReportReporter -->
<testsuite hostname="DESKTOP-31B80VT" failures="0" tests="1" name="testcases.Loginfailtest2" time="19.904" errors="0" timestamp="2022-03-11T22:06:24 IST" skipped="0">
  <testcase classname="testcases.Loginfailtest2" name="LoginFailureTest" time="19.904"/>
  <system-out/>
</testsuite> <!-- testcases.Loginfailtest2 -->
