<?xml version="1.0" encoding="UTF-8"?>
<!-- Generated by org.testng.reporters.JUnitReportReporter -->
<testsuite hostname="DESKTOP-31B80VT" failures="0" tests="1" name="testcases.HomeTest" time="5.121" errors="0" timestamp="2022-03-12T12:07:26 IST" skipped="0">
  <testcase classname="testcases.HomeTest" name="test1" time="5.121"/>
  <system-out/>
</testsuite> <!-- testcases.HomeTest -->
