<?xml version="1.0" encoding="UTF-8"?>
<!-- Generated by org.testng.reporters.JUnitReportReporter -->
<testsuite skipped="0" hostname="DESKTOP-31B80VT" name="testcases.LoginTest" tests="4" failures="0" timestamp="2022-03-19T09:39:56 IST" time="52.997" errors="0">
  <testcase name="LoginSuccessTest" time="15.022" classname="testcases.LoginTest"/>
  <system-out/>
  <testcase name="LoginFailiureTest" time="12.922" classname="testcases.LoginTest"/>
  <system-out/>
  <testcase name="ExternalDataTest" time="12.515" classname="testcases.LoginTest"/>
  <system-out/>
  <testcase name="ParameterizedTest" time="12.538" classname="testcases.LoginTest"/>
  <system-out/>
</testsuite> <!-- testcases.LoginTest -->
